SF:lib/classes/deposit_validation.dart
DA:9,3
DA:10,6
DA:11,1
DA:14,3
DA:16,3
DA:17,3
DA:19,3
LF:7
LH:7
end_of_record
SF:lib/models/history.dart
DA:6,4
DA:17,1
DA:18,2
LF:3
LH:3
end_of_record
SF:lib/models/operation.dart
DA:13,2
DA:24,1
DA:25,2
LF:3
LH:3
end_of_record
SF:lib/models/operation_result.dart
DA:6,4
LF:1
LH:1
end_of_record
SF:lib/error/failure.dart
DA:4,3
LF:1
LH:1
end_of_record
SF:lib/classes/validate_factory.dart
DA:9,2
DA:13,2
DA:14,4
DA:15,2
DA:16,4
DA:17,4
DA:18,4
DA:20,1
DA:21,2
DA:22,2
DA:23,2
LF:11
LH:11
end_of_record
SF:lib/classes/withdraw_validation.dart
DA:9,2
DA:10,4
DA:11,1
DA:14,2
DA:15,1
DA:18,2
DA:20,2
DA:21,2
DA:23,2
LF:9
LH:9
end_of_record
SF:lib/models/user.dart
DA:6,1
DA:14,1
DA:19,1
DA:22,1
DA:25,2
DA:26,0
DA:29,1
DA:30,0
LF:8
LH:6
end_of_record
SF:lib/pages/home_page.dart
DA:9,1
DA:11,1
DA:12,1
DA:21,1
DA:23,1
DA:24,1
DA:25,1
DA:28,1
DA:29,1
DA:30,1
DA:31,2
DA:32,0
DA:34,2
DA:42,1
DA:43,1
DA:44,1
DA:48,2
DA:49,1
DA:50,1
DA:51,4
DA:52,1
DA:54,1
DA:56,1
DA:57,2
DA:58,1
DA:59,1
DA:65,0
DA:66,0
DA:69,0
DA:70,0
DA:72,0
DA:73,0
DA:76,0
DA:77,0
DA:79,0
DA:97,2
DA:99,1
LF:37
LH:27
end_of_record
SF:lib/pages/operation_page.dart
DA:9,1
DA:22,1
DA:23,1
DA:32,1
DA:34,4
DA:39,1
DA:41,1
DA:45,1
DA:48,1
DA:49,3
DA:50,2
DA:51,2
DA:54,1
DA:55,4
DA:57,1
DA:59,3
DA:60,1
DA:61,1
DA:64,0
DA:66,0
DA:70,1
DA:72,1
DA:73,1
DA:74,0
DA:75,1
DA:77,1
DA:79,1
DA:81,1
DA:84,1
DA:90,1
DA:92,1
DA:93,1
DA:94,1
DA:95,4
DA:96,3
DA:102,1
DA:104,1
DA:106,1
DA:107,1
DA:109,1
DA:113,1
DA:119,1
DA:121,3
LF:43
LH:40
end_of_record
SF:lib/pages/widgets/header_widget.dart
DA:8,1
DA:24,1
DA:26,4
DA:28,1
DA:31,1
DA:36,1
DA:38,1
DA:40,1
DA:41,1
DA:47,1
DA:49,1
DA:51,1
DA:67,1
DA:69,1
DA:70,1
DA:71,1
DA:73,1
DA:74,1
DA:75,1
DA:76,1
DA:78,1
DA:99,1
DA:101,1
DA:102,1
DA:103,1
DA:104,1
DA:106,1
DA:130,1
DA:132,1
LF:29
LH:29
end_of_record
SF:lib/pages/widgets/history_item_widget.dart
DA:8,1
DA:22,1
DA:24,1
DA:25,4
DA:27,0
DA:28,1
DA:29,2
DA:30,4
DA:36,1
DA:37,4
DA:38,4
DA:39,1
DA:42,1
DA:45,1
DA:46,4
DA:47,4
DA:49,1
DA:52,1
DA:53,1
DA:56,3
DA:57,1
DA:59,4
DA:63,0
DA:65,0
LF:24
LH:21
end_of_record
SF:lib/pages/widgets/history_list_widget.dart
DA:7,1
DA:14,1
DA:16,1
DA:17,1
DA:18,1
DA:19,3
DA:32,1
DA:37,1
DA:38,3
DA:39,1
DA:40,0
DA:43,3
DA:44,1
DA:45,1
DA:46,3
LF:15
LH:14
end_of_record
